<?xml version="1.0" encoding="UTF-8" ?>
<testsuite tests="6" failures="0" name="com.edu.unal.unal_ciclo2clase13_grupo2.CalculadoraTest" time="0.039" errors="0" skipped="0">
  <properties>
[...]
</properties>
  <testcase classname="com.edu.unal.unal_ciclo2clase13_grupo2.CalculadoraTest" name="com.edu.unal.unal_ciclo2clase13_grupo2.CalculadoraTest.testMultiplicacion" time="0.032"/>
  <testcase classname="com.edu.unal.unal_ciclo2clase13_grupo2.CalculadoraTest" name="com.edu.unal.unal_ciclo2clase13_grupo2.CalculadoraTest.testModulo" time="0.006"/>
  <testcase classname="com.edu.unal.unal_ciclo2clase13_grupo2.CalculadoraTest" name="com.edu.unal.unal_ciclo2clase13_grupo2.CalculadoraTest.testSuma" time="0.001"/>
  <testcase classname="com.edu.unal.unal_ciclo2clase13_grupo2.CalculadoraTest" name="com.edu.unal.unal_ciclo2clase13_grupo2.CalculadoraTest.testDivision" time="0"/>
  <testcase classname="com.edu.unal.unal_ciclo2clase13_grupo2.CalculadoraTest" name="com.edu.unal.unal_ciclo2clase13_grupo2.CalculadoraTest.testResta" time="0"/>
  <testcase classname="com.edu.unal.unal_ciclo2clase13_grupo2.CalculadoraTest" name="com.edu.unal.unal_ciclo2clase13_grupo2.CalculadoraTest.testMain" time="0"/>
</testsuite>